d:\persongit\duicef\duicef\release\duicef.pch
d:\persongit\duicef\duicef\release\vc141.pdb
d:\persongit\duicef\duicef\release\stdafx.obj
d:\persongit\duicef\duicef\release\maindlg.obj
d:\persongit\duicef\duicef\release\duicef.obj
d:\persongit\duicef\duicef\release\appinstance.obj
d:\persongit\duicef\release\duicef.ipdb
d:\persongit\duicef\release\duicef.iobj
d:\persongit\duicef\release\duicef.exe
d:\persongit\duicef\release\duicef.pdb
d:\persongit\duicef\duicef\release\duicef.res
d:\persongit\duicef\duicef\release\duicef.tlog\cl.command.1.tlog
d:\persongit\duicef\duicef\release\duicef.tlog\cl.read.1.tlog
d:\persongit\duicef\duicef\release\duicef.tlog\cl.write.1.tlog
d:\persongit\duicef\duicef\release\duicef.tlog\duicef.write.1u.tlog
d:\persongit\duicef\duicef\release\duicef.tlog\link.command.1.tlog
d:\persongit\duicef\duicef\release\duicef.tlog\link.read.1.tlog
d:\persongit\duicef\duicef\release\duicef.tlog\link.write.1.tlog
d:\persongit\duicef\duicef\release\duicef.tlog\rc.command.1.tlog
d:\persongit\duicef\duicef\release\duicef.tlog\rc.read.1.tlog
d:\persongit\duicef\duicef\release\duicef.tlog\rc.write.1.tlog
